<?xml version="1.0" encoding="UTF-8"?>
<!-- Generated by org.testng.reporters.JUnitReportReporter -->
<testsuite hostname="DESKTOP-3O9T5AI" failures="0" tests="1" name="com.Ecommerece.iAss.classic.TestCase2" time="19.283" errors="0" timestamp="2022-09-16T11:17:35 IST" skipped="0">
  <testcase classname="com.Ecommerece.iAss.classic.TestCase2" name="tec2" time="19.283"/>
  <system-out/>
</testsuite> <!-- com.Ecommerece.iAss.classic.TestCase2 -->
