<?xml version="1.0" encoding="UTF-8"?>
<!-- Generated by org.testng.reporters.JUnitReportReporter -->
<testsuite hostname="DESKTOP-3O9T5AI" failures="0" tests="1" name="com.Ecommerece.iAss.classic.TestCase1" time="17.199" errors="0" timestamp="2022-09-16T10:57:27 IST" skipped="0">
  <testcase classname="com.Ecommerece.iAss.classic.TestCase1" name="tc1" time="17.199"/>
  <system-out/>
</testsuite> <!-- com.Ecommerece.iAss.classic.TestCase1 -->
