<?xml version="1.0" encoding="UTF-8"?>
<!-- Generated by org.testng.reporters.JUnitReportReporter -->
<testsuite hostname="DESKTOP-3O9T5AI" failures="0" tests="1" name="scripts.TestCase1" time="32.426" errors="0" timestamp="2022-09-16T12:05:23 IST" skipped="0">
  <testcase classname="scripts.TestCase1" name="tc1" time="32.426"/>
  <system-out/>
</testsuite> <!-- scripts.TestCase1 -->
